<?xml version="1.0" encoding="UTF-8"?>
<testsuite xmlns:xsi="http://www.w3.org/2001/XMLSchema-instance" xsi:noNamespaceSchemaLocation="https://maven.apache.org/surefire/maven-surefire-plugin/xsd/surefire-test-report.xsd" version="3.0.2" name="com.jmanzanog.ailab.controller.LangChainVersionControllerIntegrationTest" time="4.395" tests="1" errors="0" skipped="0" failures="0">
  <properties>
[...]
</properties>
  <testcase name="testGetVersionsEndpoint" classname="com.jmanzanog.ailab.controller.LangChainVersionControllerIntegrationTest" time="0.799">
    <system-out><![CDATA[22:02:49.348 [main] INFO org.springframework.test.context.support.AnnotationConfigContextLoaderUtils -- Could not detect default configuration classes for test class [com.jmanzanog.ailab.controller.LangChainVersionControllerIntegrationTest]: LangChainVersionControllerIntegrationTest does not declare any static, non-private, non-final, nested classes annotated with @Configuration.
22:02:49.487 [main] INFO org.springframework.boot.test.context.SpringBootTestContextBootstrapper -- Found @SpringBootConfiguration com.jmanzanog.ailab.AILabApplication for test class com.jmanzanog.ailab.controller.LangChainVersionControllerIntegrationTest

  .   ____          _            __ _ _
 /\\ / ___'_ __ _ _(_)_ __  __ _ \ \ \ \
( ( )\___ | '_ | '_| | '_ \/ _` | \ \ \ \
 \\/  ___)| |_)| | | | | || (_| |  ) ) ) )
  '  |____| .__|_| |_|_| |_\__, | / / / /
 =========|_|==============|___/=/_/_/_/

 :: Spring Boot ::                (v3.5.0)

2025-06-01T22:02:50.018+02:00  INFO 18368 --- [           main] [                                                 ] angChainVersionControllerIntegrationTest : Starting LangChainVersionControllerIntegrationTest using Java 17.0.6 with PID 18368 (started by Jose Manzano in C:\Users\Jose Manzano\IdeaProjects\AILab\endpoint-test)
2025-06-01T22:02:50.033+02:00  INFO 18368 --- [           main] [                                                 ] angChainVersionControllerIntegrationTest : No active profile set, falling back to 1 default profile: "default"
2025-06-01T22:02:52.542+02:00  INFO 18368 --- [           main] [                                                 ] o.s.b.t.m.w.SpringBootMockServletContext : Initializing Spring TestDispatcherServlet ''
2025-06-01T22:02:52.543+02:00  INFO 18368 --- [           main] [                                                 ] o.s.t.web.servlet.TestDispatcherServlet  : Initializing Servlet ''
2025-06-01T22:02:52.549+02:00  INFO 18368 --- [           main] [                                                 ] o.s.b.a.e.web.EndpointLinksResolver      : Exposing 1 endpoint beneath base path '/actuator'
2025-06-01T22:02:52.556+02:00  INFO 18368 --- [           main] [                                                 ] o.s.t.web.servlet.TestDispatcherServlet  : Completed initialization in 13 ms
2025-06-01T22:02:52.737+02:00  INFO 18368 --- [           main] [                                                 ] angChainVersionControllerIntegrationTest : Started LangChainVersionControllerIntegrationTest in 3.11 seconds (process running for 4.107)
[DEBUG_LOG] Returning versions: {langchain4j-spring-boot-starter=0.25.0, langchain4j-version=0.25.0}
]]></system-out>
  </testcase>
</testsuite>